<?xml version="1.0" encoding="UTF-8"?>
<!-- Generated by org.testng.reporters.JUnitReportReporter -->
<testsuite hostname="daas-sti-002664" failures="0" tests="1" name="com.java.qa.sccm.Login.Login" time="0.056" errors="0" timestamp="2021-09-03T20:02:08 IST" skipped="0">
  <testcase classname="com.java.qa.sccm.Login.Login" name="validationStatus" time="0.056"/>
  <system-out/>
</testsuite> <!-- com.java.qa.sccm.Login.Login -->
