<?xml version="1.0" encoding="UTF-8"?>
<!-- Generated by org.testng.reporters.JUnitReportReporter -->
<testsuite hostname="daas-sti-002664" failures="0" tests="1" name="API_Autiomation.SSCM_Automation.Payload" time="0.000" errors="0" timestamp="2021-09-02T20:37:03 IST" skipped="1">
  <testcase classname="API_Autiomation.SSCM_Automation.Payload" name="Test" time="0.000">
    <skipped/>
  </testcase> <!-- Test -->
  <system-out/>
</testsuite> <!-- API_Autiomation.SSCM_Automation.Payload -->
