<?xml version="1.0" encoding="UTF-8"?>
<!-- Generated by org.testng.reporters.JUnitReportReporter -->
<testsuite hostname="CSCO-W-PF32ZV1R" failures="0" tests="1" name="com.java.qa.sccm.test.Step1Test" time="1.186" errors="0" timestamp="2021-10-09T17:12:26 IST" skipped="0">
  <testcase classname="com.java.qa.sccm.test.Step1Test" name="Step1" time="1.186"/>
  <system-out>
    <![CDATA[Request URI : http://173.37.21.174/SCCM/sccm_api/web/api/v1/servicedeploy/step1
Status code : 200
Response message : Response Messege : {
    "status_code": 6000,
    "sub_status_code": "6001",
    "error": "Qos Value Can Only Be Boolean Value(true Or False)!",
    "data": "",
    "app_data": ""
}]]>
  </system-out>
</testsuite> <!-- com.java.qa.sccm.test.Step1Test -->
