<?xml version="1.0" encoding="UTF-8"?>
<!-- Generated by org.testng.reporters.JUnitReportReporter -->
<testsuite hostname="CSCO-W-PF32ZV1R" failures="0" tests="2" name="com.java.qa.sccm.test.customers.CreateCustomerTest" time="1.105" errors="0" timestamp="2021-09-11T18:56:14 IST" skipped="0">
  <testcase classname="com.java.qa.sccm.test.customers.CreateCustomerTest" name="validCreateCustomerData" time="1.100"/>
  <system-out/>
  <testcase classname="com.java.qa.sccm.test.customers.CreateCustomerTest" name="InvalidateCustomerStatus" time="0.005"/>
  <system-out/>
</testsuite> <!-- com.java.qa.sccm.test.customers.CreateCustomerTest -->
