<?xml version="1.0" encoding="UTF-8"?>
<!-- Generated by org.testng.reporters.JUnitReportReporter -->
<testsuite hostname="CSCO-W-PF32ZV1R" failures="0" tests="1" name="API_Autiomation.SSCM_Automation.scrach" time="4.619" errors="0" timestamp="2021-10-05T14:52:55 IST" skipped="0">
  <testcase classname="API_Autiomation.SSCM_Automation.scrach" name="TestRestConf" time="4.619"/>
  <system-out/>
</testsuite> <!-- API_Autiomation.SSCM_Automation.scrach -->
