<?xml version="1.0" encoding="UTF-8"?>
<!-- Generated by org.testng.reporters.JUnitReportReporter -->
<testsuite hostname="daas-sti-002664" failures="0" tests="1" name="com.java.qa.sccm.Test.Login" time="4.791" errors="0" timestamp="2021-09-03T17:02:26 IST" skipped="0">
  <testcase classname="com.java.qa.sccm.Test.Login" name="LoginTest" time="4.791"/>
  <system-out/>
</testsuite> <!-- com.java.qa.sccm.Test.Login -->
