<?xml version="1.0" encoding="UTF-8"?>
<!-- Generated by org.testng.reporters.JUnitReportReporter -->
<testsuite hostname="CSCO-W-PF32ZV1R" failures="0" tests="2" name="API_Autiomation.SSCM_Automation.TestLogin" time="7.970" errors="0" timestamp="2021-09-23T20:24:59 IST" skipped="0">
  <testcase classname="API_Autiomation.SSCM_Automation.TestLogin" name="loginTest" time="2.648"/>
  <system-out/>
  <testcase classname="API_Autiomation.SSCM_Automation.TestLogin" name="loginTest" time="5.322"/>
  <system-out/>
</testsuite> <!-- API_Autiomation.SSCM_Automation.TestLogin -->
