<?xml version="1.0" encoding="UTF-8"?>
<!-- Generated by org.testng.reporters.JUnitReportReporter -->
<testsuite hostname="CSCO-W-PF32ZV1R" failures="0" tests="1" name="com.java.qa.sccm.test.customers.UpdateCustomerTest" time="0.908" errors="0" timestamp="2021-09-11T18:56:14 IST" skipped="0">
  <testcase classname="com.java.qa.sccm.test.customers.UpdateCustomerTest" name="updateCustomerData" time="0.908"/>
  <system-out/>
</testsuite> <!-- com.java.qa.sccm.test.customers.UpdateCustomerTest -->
