<?xml version="1.0" encoding="UTF-8"?>
<!-- Generated by org.testng.reporters.JUnitReportReporter -->
<testsuite hostname="CSCO-W-PF32ZV1R" failures="0" tests="1" name="com.java.qa.sccm.test.serviceDeploy.LoginTest" time="3.435" errors="0" timestamp="2021-09-29T12:44:04 IST" skipped="0">
  <testcase classname="com.java.qa.sccm.test.serviceDeploy.LoginTest" name="loginTestValidation" time="3.435"/>
  <system-out/>
</testsuite> <!-- com.java.qa.sccm.test.serviceDeploy.LoginTest -->
