<?xml version="1.0" encoding="UTF-8"?>
<!-- Generated by org.testng.reporters.JUnitReportReporter -->
<testsuite hostname="daas-sti-002664" failures="0" tests="1" name="com.java.qa.sccm.base.TestBase" time="0.206" errors="0" timestamp="2021-09-03T18:37:03 IST" skipped="0">
  <testcase classname="com.java.qa.sccm.base.TestBase" name="setUp" time="0.206"/>
  <system-out/>
</testsuite> <!-- com.java.qa.sccm.base.TestBase -->
