<?xml version="1.0" encoding="UTF-8"?>
<!-- Generated by org.testng.reporters.JUnitReportReporter -->
<testsuite hostname="CSCO-W-PF32ZV1R" failures="0" tests="1" name="API_Autiomation.SSCM_Automation.Step1" time="0.741" errors="0" timestamp="2021-09-09T21:35:35 IST" skipped="0">
  <testcase classname="API_Autiomation.SSCM_Automation.Step1" name="step1Test" time="0.741"/>
  <system-out/>
</testsuite> <!-- API_Autiomation.SSCM_Automation.Step1 -->
