<?xml version="1.0" encoding="UTF-8"?>
<!-- Generated by org.testng.reporters.JUnitReportReporter -->
<testsuite hostname="CSCO-W-PF32ZV1R" failures="0" tests="1" name="com.java.qa.sccm.test.GetDevicesByLatlongPincode" time="0.881" errors="0" timestamp="2021-09-23T11:45:39 IST" skipped="0">
  <testcase classname="com.java.qa.sccm.test.GetDevicesByLatlongPincode" name="validateGetDevicesByLatitudePincode" time="0.881"/>
  <system-out/>
</testsuite> <!-- com.java.qa.sccm.test.GetDevicesByLatlongPincode -->
