<?xml version="1.0" encoding="UTF-8"?>
<!-- Generated by org.testng.reporters.JUnitReportReporter -->
<testsuite hostname="CSCO-W-PF32ZV1R" failures="0" tests="3" name="com.java.qa.sccm.test.DeleteCustomerTest" time="4.825" errors="0" timestamp="2021-10-09T17:12:26 IST" skipped="0">
  <testcase classname="com.java.qa.sccm.test.DeleteCustomerTest" name="DeleteCustomer" time="1.356"/>
  <system-out>
    <![CDATA[Request URI : http://173.37.21.174/SCCM/sccm_api/web/api/v1/customers?customer_id=
Status code : 200
Response message : Response Messege : {
    "status_code": 5000,
    "sub_status_code": 5003,
    "error": "Customer Resource Not Found",
    "data": [
        
    ],
    "app_data": [
        
    ]
}]]>
  </system-out>
  <testcase classname="com.java.qa.sccm.test.DeleteCustomerTest" name="DeleteCustomer" time="1.411"/>
  <system-out>
    <![CDATA[Request URI : http://173.37.21.174/SCCM/sccm_api/web/api/v1/customers?customer_id=967572
Status code : 200
Response message : Response Messege : {
    "status_code": 200,
    "sub_status_code": 2000,
    "message": "Customer Deleted Successfully",
    "data": {
        "customer_id": "967572"
    },
    "app_data": [
        
    ]
}]]>
  </system-out>
  <testcase classname="com.java.qa.sccm.test.DeleteCustomerTest" name="DeleteCustomer" time="2.058"/>
  <system-out>
    <![CDATA[Request URI : http://173.37.21.174/SCCM/sccm_api/web/api/v1/customers?customer_id=!@#!#$%$#
Status code : 200
Response message : Response Messege : {
    "status_code": 5000,
    "sub_status_code": 5003,
    "error": "Customer Resource Not Found",
    "data": [
        
    ],
    "app_data": [
        
    ]
}]]>
  </system-out>
</testsuite> <!-- com.java.qa.sccm.test.DeleteCustomerTest -->
