<?xml version="1.0" encoding="UTF-8"?>
<!-- Generated by org.testng.reporters.JUnitReportReporter -->
<testsuite hostname="CSCO-W-PF32ZV1R" failures="0" tests="1" name="com.java.qa.sccm.test.customers.LoginTest" time="7.293" errors="0" timestamp="2021-09-12T23:26:57 IST" skipped="0">
  <testcase classname="com.java.qa.sccm.test.customers.LoginTest" name="loginTestValidation" time="7.293"/>
  <system-out/>
</testsuite> <!-- com.java.qa.sccm.test.customers.LoginTest -->
