<?xml version="1.0" encoding="UTF-8"?>
<!-- Generated by org.testng.reporters.JUnitReportReporter -->
<testsuite hostname="CSCO-W-PF32ZV1R" failures="0" tests="1" name="com.java.qa.sccm.test.serviceDeploy.Step1" time="0.694" errors="0" timestamp="2021-09-09T22:05:01 IST" skipped="0">
  <testcase classname="com.java.qa.sccm.test.serviceDeploy.Step1" name="step1Test" time="0.694"/>
  <system-out/>
</testsuite> <!-- com.java.qa.sccm.test.serviceDeploy.Step1 -->
