<?xml version="1.0" encoding="UTF-8"?>
<!-- Generated by org.testng.reporters.JUnitReportReporter -->
<testsuite hostname="CSCO-W-PF32ZV1R" failures="0" tests="1" name="com.java.qa.sccm.test.LoginTest" time="4.026" errors="0" timestamp="2021-10-09T22:39:05 IST" skipped="0">
  <testcase classname="com.java.qa.sccm.test.LoginTest" name="loginTestValidation" time="4.026"/>
  <system-out>
    <![CDATA[Request URI : http://173.37.21.174/SCCM/sccm_api/web/api/v1/login
Status code : 200
Response message : Response Messege : {
    "status": true,
    "message": "Data retrieval successfully",
    "token_type": "Bearer",
    "access_token": "eyJ0eXAiOiJKV1QiLCJhbGciOiJIUzI1NiJ9.eyJpc3MiOiJodHRwOlwvXC8xNzMuMzcuMjEuMTc0IiwiYXVkIjoiaHR0cDpcL1wvMTczLjM3LjIxLjE3NCIsImlhdCI6MTYzMzc5OTM0NCwibmJmIjoxNjMzNzk5MzQ0LCJleHAiOjE2MzM4MDI5NDQsImp0aSI6Ijc5Rm0zRFhBbm9WbHJJRk00R1BzUXRMcER3SUYwUzlOIn0.5Go-y91dlK7HePYgOdoXc-1Od68mIs5CHFgZk-88_Jg"
}]]>
  </system-out>
</testsuite> <!-- com.java.qa.sccm.test.LoginTest -->
